This is pdfTeX, Version 3.1415926-2.5-1.40.14 (MiKTeX 2.9) (preloaded format=pdflatex 2015.8.6)  6 DEC 2015 19:44
entering extended mode
**Principal.tex
(C:\Users\Sandro\TCC_FINAL\TCC_GRADUATION_SI\NuapaTex_Univas\Principal.tex
LaTeX2e <2011/06/27>
Babel <v3.8m> and hyphenation patterns for english, afrikaans, ancientgreek, ar
abic, armenian, assamese, basque, bengali, bokmal, bulgarian, catalan, coptic, 
croatian, czech, danish, dutch, esperanto, estonian, farsi, finnish, french, ga
lician, german, german-x-2013-05-26, greek, gujarati, hindi, hungarian, iceland
ic, indonesian, interlingua, irish, italian, kannada, kurmanji, latin, latvian,
 lithuanian, malayalam, marathi, mongolian, mongolianlmc, monogreek, ngerman, n
german-x-2013-05-26, nynorsk, oriya, panjabi, pinyin, polish, portuguese, roman
ian, russian, sanskrit, serbian, slovak, slovenian, spanish, swedish, swissgerm
an, tamil, telugu, turkish, turkmen, ukenglish, ukrainian, uppersorbian, usengl
ishmax, welsh, loaded.
(C:\Users\Sandro\AppData\Roaming\MiKTeX\2.9\tex\latex\abntex2\abntex2.cls
Document Class: abntex2 2015/04/28 v1.9.5 abnTeX2
("C:\Program Files\MiKTeX 2.9\tex\latex\base\ifthen.sty"
Package: ifthen 2001/05/26 v1.1c Standard LaTeX ifthen package (DPC)
)
(C:\Users\Sandro\AppData\Roaming\MiKTeX\2.9\tex\latex\memoir\memoir.cls
Document Class: memoir 2015/07/08 v3.7e configurable book, report, article docu
ment class
\onelineskip=\skip41
\lxvchars=\skip42
\xlvchars=\skip43
\@memcnta=\count79
\c@@memmarkcntra=\count80
\l@nohyphenation=\language69
("C:\Program Files\MiKTeX 2.9\tex\generic\oberdiek\ifpdf.sty"
Package: ifpdf 2011/01/30 v2.3 Provides the ifpdf switch (HO)
Package ifpdf Info: pdfTeX in PDF mode is detected.
)
(C:\Users\Sandro\AppData\Roaming\MiKTeX\2.9\tex\latex\ifetex\ifetex.sty
Package: ifetex 2011/12/15 v1.2 ifetex

(C:\Users\Sandro\AppData\Roaming\MiKTeX\2.9\tex\plain\ifetex\ifetex.tex))
("C:\Program Files\MiKTeX 2.9\tex\generic\ifxetex\ifxetex.sty"
Package: ifxetex 2010/09/12 v0.6 Provides ifxetex conditional
)
("C:\Program Files\MiKTeX 2.9\tex\generic\oberdiek\ifluatex.sty"
Package: ifluatex 2010/03/01 v1.3 Provides the ifluatex switch (HO)
Package ifluatex Info: LuaTeX not detected.
)
\stockheight=\skip44
\stockwidth=\skip45
\trimtop=\skip46
\trimedge=\skip47

("C:\Program Files\MiKTeX 2.9\tex\latex\misc\etex.sty"
Package: etex 1998/03/26 v2.0 eTeX basic definition package (PEB)
\et@xins=\count81
)
(C:\Users\Sandro\AppData\Roaming\MiKTeX\2.9\tex\latex\memoir\mem12.clo
File: mem12.clo 2010/10/19 v0.4b memoir class 12pt size option
)
\binding=\skip48
\spinemargin=\skip49
\foremargin=\skip50
\uppermargin=\skip51
\lowermargin=\skip52
\headdrop=\skip53
\normalrulethickness=\skip54
\mem@maxheadheight=\skip55
\mem@maxfootheight=\skip56
\headwidth=\skip57
\c@storedpagenumber=\count82
\memPD=\dimen102
\m@mabparskip=\skip58
\thanksmarkwidth=\skip59
\thanksmarksep=\skip60
\droptitle=\skip61
\c@book=\count83
\c@part=\count84
\c@chapter=\count85
\c@section=\count86
\c@subsection=\count87
\c@subsubsection=\count88
\c@paragraph=\count89
\c@subparagraph=\count90
\beforechapskip=\skip62
\midchapskip=\skip63
\afterchapskip=\skip64
\chapindent=\skip65
\bottomsectionskip=\skip66
\secindent=\skip67
\beforesecskip=\skip68
\aftersecskip=\skip69
\subsecindent=\skip70
\beforesubsecskip=\skip71
\aftersubsecskip=\skip72
\subsubsecindent=\skip73
\beforesubsubsecskip=\skip74
\aftersubsubsecskip=\skip75
\paraindent=\skip76
\beforeparaskip=\skip77
\afterparaskip=\skip78
\subparaindent=\skip79
\beforesubparaskip=\skip80
\aftersubparaskip=\skip81
\pfbreakskip=\skip82
\c@@ppsavesec=\count91
\c@@ppsaveapp=\count92
\ragrparindent=\dimen103
\everylistparindent=\dimen104
\parsepi=\skip83
\topsepi=\skip84
\itemsepi=\skip85
\parsepii=\skip86
\topsepii=\skip87
\topsepiii=\skip88
\itemsepii=\skip89
\itemsepiii=\skip90
\partopsepii=\skip91
\partopsepiii=\skip92
\m@msavetopsep=\skip93
\m@msavepartopsep=\skip94
\@enLab=\toks14
\abstitleskip=\skip95
\absleftindent=\skip96
\abs@leftindent=\dimen105
\absrightindent=\skip97
\absparindent=\skip98
\absparsep=\skip99
\c@vslineno=\count93
\c@poemline=\count94
\c@modulo@vs=\count95
\c@memfvsline=\count96
\vleftskip=\skip100
\vrightskip=\skip101
\stanzaskip=\skip102
\versewidth=\skip103
\vgap=\skip104
\vindent=\skip105
\vleftmargin=\dimen106
\c@verse=\count97
\c@chrsinstr=\count98
\beforepoemtitleskip=\skip106
\afterpoemtitleskip=\skip107
\c@poem=\count99
\beforePoemTitleskip=\skip108
\midPoemTitleskip=\skip109
\afterPoemTitleskip=\skip110
\col@sep=\dimen107
\extrarowheight=\dimen108
\NC@list=\toks15
\extratabsurround=\skip111
\backup@length=\skip112
\TX@col@width=\dimen109
\TX@old@table=\dimen110
\TX@old@col=\dimen111
\TX@target=\dimen112
\TX@delta=\dimen113
\TX@cols=\count100
\TX@ftn=\toks16
\heavyrulewidth=\dimen114
\lightrulewidth=\dimen115
\cmidrulewidth=\dimen116
\belowrulesep=\dimen117
\belowbottomsep=\dimen118
\aboverulesep=\dimen119
\abovetopsep=\dimen120
\cmidrulesep=\dimen121
\cmidrulekern=\dimen122
\defaultaddspace=\dimen123
\@cmidla=\count101
\@cmidlb=\count102
\@aboverulesep=\dimen124
\@belowrulesep=\dimen125
\@thisruleclass=\count103
\@lastruleclass=\count104
\@thisrulewidth=\dimen126
\ctableftskip=\skip113
\ctabrightskip=\skip114
\abovecolumnspenalty=\count105
\@linestogo=\count106
\@cellstogo=\count107
\@cellsincolumn=\count108
\crtok=\toks17
\@mincolumnwidth=\dimen127
\c@newflo@tctr=\count109
\mem@margin@floatbox=\box26
\@contcwidth=\skip115
\@contindw=\skip116
\abovecaptionskip=\skip117
\belowcaptionskip=\skip118
\subfloattopskip=\skip119
\subfloatcapskip=\skip120
\subfloatcaptopadj=\skip121
\subfloatbottomskip=\skip122
\subfloatlabelskip=\skip123
\subfloatcapmargin=\dimen128
\c@@contsubnum=\count110
\m@mscap@capbox=\box27
\m@mscap@fbox=\box28
\sidecapsep=\dimen129
\sidecapwidth=\dimen130
\m@m@tempdima=\dimen131
\m@mscapraise=\dimen132
\sidecapraise=\dimen133
\m@mscapmainwidth=\dimen134
\m@mscaplkern=\dimen135
\beforeepigraphskip=\skip124
\afterepigraphskip=\skip125
\epigraphwidth=\skip126
\epigraphrule=\skip127
LaTeX Info: Redefining \em on input line 7535.
LaTeX Info: Redefining \emph on input line 7543.
\tocentryskip=\skip128
\tocbaseline=\skip129
\cftparskip=\skip130
\cftbeforebookskip=\skip131
\cftbookindent=\dimen136
\cftbooknumwidth=\dimen137
\cftbeforepartskip=\skip132
\cftpartindent=\skip133
\cftpartnumwidth=\skip134
\cftbeforechapterskip=\skip135
\cftchapterindent=\skip136
\cftchapternumwidth=\skip137
\cftbeforesectionskip=\skip138
\cftsectionindent=\skip139
\cftsectionnumwidth=\skip140
\cftbeforesubsectionskip=\skip141
\cftsubsectionindent=\skip142
\cftsubsectionnumwidth=\skip143
\cftbeforesubsubsectionskip=\skip144
\cftsubsubsectionindent=\skip145
\cftsubsubsectionnumwidth=\skip146
\cftbeforeparagraphskip=\skip147
\cftparagraphindent=\skip148
\cftparagraphnumwidth=\skip149
\cftbeforesubparagraphskip=\skip150
\cftsubparagraphindent=\skip151
\cftsubparagraphnumwidth=\skip152
\prechapterprecisshift=\dimen138
\c@maxsecnumdepth=\count111
\bibindent=\dimen139
\bibitemsep=\skip153
\indexcolsep=\skip154
\indexrule=\skip155
\indexmarkstyle=\toks18
\@indexbox=\insert233
\glossarycolsep=\dimen140
\glossaryrule=\dimen141
\sideparvshift=\skip156
\sideins=\insert232
\sidebartopsep=\skip157
\sidebarhsep=\skip158
\sidebarvsep=\skip159
\sidebarwidth=\skip160
\footmarkwidth=\skip161
\footmarksep=\skip162
\footparindent=\skip163
\footinsdim=\skip164
\footinsv@r=\insert231
\@mpfootinsv@r=\insert230
\m@m@k=\count112
\m@m@h=\dimen142
\m@mipn@skip=\skip165
\sidefootins=\insert229
\sidefootadjust=\skip166
\sidefootheight=\skip167
\sidefoothsep=\skip168
\sidefootvsep=\skip169
\sidefootwidth=\skip170
\m@mdownsf=\skip171
\c@sidefootnote=\count113
\sidefootmarkwidth=\skip172
\sidefootmarksep=\skip173
\sidefootparindent=\skip174
\c@pagenote=\count114
\c@pagenoteshadow=\count115
\mem@pn@lastkern=\skip175
\every@verbatim=\toks19
\afterevery@verbatim=\toks20
\verbatim@line=\toks21
\tab@position=\count116
\verbatim@in@stream=\read1
\verbatimindent=\skip176
\verbatim@out=\write3
\bvboxsep=\skip177
\c@memfbvline=\count117
\c@bvlinectr=\count118
\bvnumlength=\skip178
\fb@frw=\dimen143
\fb@frh=\dimen144
\FrameRule=\dimen145
\FrameSep=\dimen146
\c@cp@cntr=\count119
LaTeX Info: Redefining \: on input line 12052.
LaTeX Info: Redefining \! on input line 12054.
\c@ism@mctr=\count120
\c@xsm@mctr=\count121
\c@csm@mctr=\count122
\c@ksm@mctr=\count123
\c@xksm@mctr=\count124
\c@cksm@mctr=\count125
\c@msm@mctr=\count126
\c@xmsm@mctr=\count127
\c@cmsm@mctr=\count128
\c@bsm@mctr=\count129
\c@workm@mctr=\count130
\c@sheetsequence=\count131
\c@lastsheet=\count132
\c@lastpage=\count133
\c@figure=\count134
\c@lofdepth=\count135
\cftbeforefigureskip=\skip179
\cftfigureindent=\skip180
\cftfigurenumwidth=\skip181
\c@table=\count136
\c@lotdepth=\count137
\cftbeforetableskip=\skip182
\cfttableindent=\skip183
\cfttablenumwidth=\skip184
Package abstract [2008/07/23] emulated by memoir.
Package appendix [2008/07/23] emulated by memoir.
Package array [2008/09/09] emulated by memoir.
Package booktabs [2008/07/23] emulated by memoir.
Package ccaption [2008/07/23] emulated by memoir.
Package changepage [2008/07/23] emulated by memoir.
Package chngcntr [2008/07/23] emulated by memoir.
Package chngpage [2008/07/23] emulated by memoir.
Package crop emulated by memoir.
Package dcolumn [2008/07/23] emulated by memoir.
Package delarray [2008/07/23] emulated by memoir.
Package enumerate [2008/07/23] emulated by memoir.
Package epigraph [2008/07/23] emulated by memoir.
Package ifmtarg [2008/07/23] emulated by memoir.
Package index [2008/07/23] emulated by memoir.
Package makeidx [2008/07/23] emulated by memoir.
Package moreverb [2008/07/23] emulated by memoir.
Package mparhack [2008/07/23] emulated by memoir.
Package needspace [2008/07/23] emulated by memoir.
Package newfile [2008/07/23] emulated by memoir.
Package nextpage [2008/07/23] emulated by memoir.
Package pagenote [2008/07/23] emulated by memoir.
Package parskip [2008/07/23] emulated by memoir.
Package patchcmd [2008/07/23] emulated by memoir.
Package setspace [2008/07/23] emulated by memoir.
Package shortvrb [2008/07/23] emulated by memoir.
Package showidx [2008/07/23] emulated by memoir.
Package tabularx [2008/07/23] emulated by memoir.
Package titleref [2008/07/23] emulated by memoir.
Package titling [2008/07/23] emulated by memoir.
Package tocbibind [2008/07/23] emulated by memoir.
Package tocloft [2008/07/23] emulated by memoir.
Package tocvsec2 [2008/07/23] emulated by memoir.
Package verbatim [2008/07/23] emulated by memoir.
Package verse [2008/07/23] emulated by memoir.

(C:\Users\Sandro\AppData\Roaming\MiKTeX\2.9\tex\latex\memoir\mempatch.sty
Package: mempatch 2009/07/24 v6.0f Patches for memoir class v1.6180339
))
(C:\Users\Sandro\AppData\Roaming\MiKTeX\2.9\tex\latex\textcase\textcase.sty
Package: textcase 2004/10/07 v0.07 Text only upper/lower case changing (DPC)
LaTeX Info: Redefining \MakeTextUppercase on input line 47.
LaTeX Info: Redefining \MakeTextLowercase on input line 50.
)
("C:\Program Files\MiKTeX 2.9\tex\latex\hyperref\hyperref.sty"
Package: hyperref 2012/11/06 v6.83m Hypertext links for LaTeX

("C:\Program Files\MiKTeX 2.9\tex\generic\oberdiek\hobsub-hyperref.sty"
Package: hobsub-hyperref 2012/04/25 v1.12 Bundle oberdiek, subset hyperref (HO)


("C:\Program Files\MiKTeX 2.9\tex\generic\oberdiek\hobsub-generic.sty"
Package: hobsub-generic 2012/04/25 v1.12 Bundle oberdiek, subset generic (HO)
Package: hobsub 2012/04/25 v1.12 Construct package bundles (HO)
Package: infwarerr 2010/04/08 v1.3 Providing info/warning/error messages (HO)
Package: ltxcmds 2011/11/09 v1.22 LaTeX kernel commands for general use (HO)
Package hobsub Info: Skipping package `ifluatex' (already loaded).
Package: ifvtex 2010/03/01 v1.5 Detect VTeX and its facilities (HO)
Package ifvtex Info: VTeX not detected.
Package: intcalc 2007/09/27 v1.1 Expandable calculations with integers (HO)
Package hobsub Info: Skipping package `ifpdf' (already loaded).
Package: etexcmds 2011/02/16 v1.5 Avoid name clashes with e-TeX commands (HO)
Package etexcmds Info: Could not find \expanded.
(etexcmds)             That can mean that you are not using pdfTeX 1.50 or
(etexcmds)             that some package has redefined \expanded.
(etexcmds)             In the latter case, load this package earlier.
Package: kvsetkeys 2012/04/25 v1.16 Key value parser (HO)
Package: kvdefinekeys 2011/04/07 v1.3 Define keys (HO)
Package: pdftexcmds 2011/11/29 v0.20 Utility functions of pdfTeX for LuaTeX (HO
)
Package pdftexcmds Info: LuaTeX not detected.
Package pdftexcmds Info: \pdf@primitive is available.
Package pdftexcmds Info: \pdf@ifprimitive is available.
Package pdftexcmds Info: \pdfdraftmode found.
Package: pdfescape 2011/11/25 v1.13 Implements pdfTeX's escape features (HO)
Package: bigintcalc 2012/04/08 v1.3 Expandable calculations on big integers (HO
)
Package: bitset 2011/01/30 v1.1 Handle bit-vector datatype (HO)
Package: uniquecounter 2011/01/30 v1.2 Provide unlimited unique counter (HO)
)
Package hobsub Info: Skipping package `hobsub' (already loaded).
Package: letltxmacro 2010/09/02 v1.4 Let assignment for LaTeX macros (HO)
Package: hopatch 2011/06/24 v1.1 Wrapper for package hooks (HO)
Package: xcolor-patch 2011/01/30 xcolor patch
Package: atveryend 2011/06/30 v1.8 Hooks at the very end of document (HO)
Package atveryend Info: \enddocument detected (standard20110627).
Package: atbegshi 2011/10/05 v1.16 At begin shipout hook (HO)
Package: refcount 2011/10/16 v3.4 Data extraction from label references (HO)
Package: hycolor 2011/01/30 v1.7 Color options for hyperref/bookmark (HO)
)
("C:\Program Files\MiKTeX 2.9\tex\latex\graphics\keyval.sty"
Package: keyval 1999/03/16 v1.13 key=value parser (DPC)
\KV@toks@=\toks22
)
("C:\Program Files\MiKTeX 2.9\tex\latex\oberdiek\auxhook.sty"
Package: auxhook 2011/03/04 v1.3 Hooks for auxiliary files (HO)
)
("C:\Program Files\MiKTeX 2.9\tex\latex\oberdiek\kvoptions.sty"
Package: kvoptions 2011/06/30 v3.11 Key value format for package options (HO)
)
\@linkdim=\dimen147
\Hy@linkcounter=\count138
\Hy@pagecounter=\count139

("C:\Program Files\MiKTeX 2.9\tex\latex\hyperref\pd1enc.def"
File: pd1enc.def 2012/11/06 v6.83m Hyperref: PDFDocEncoding definition (HO)
)
\Hy@SavedSpaceFactor=\count140

("C:\Program Files\MiKTeX 2.9\tex\latex\00miktex\hyperref.cfg"
File: hyperref.cfg 2002/06/06 v1.2 hyperref configuration of TeXLive
)
Package hyperref Info: Hyper figures OFF on input line 4443.
Package hyperref Info: Link nesting OFF on input line 4448.
Package hyperref Info: Hyper index ON on input line 4451.
Package hyperref Info: Plain pages OFF on input line 4458.
Package hyperref Info: Backreferencing OFF on input line 4463.
Package hyperref Info: Implicit mode ON; LaTeX internals redefined.
Package hyperref Info: Bookmarks ON on input line 4688.
\c@Hy@tempcnt=\count141

(C:\Users\Sandro\AppData\Roaming\MiKTeX\2.9\tex\latex\url\url.sty
\Urlmuskip=\muskip10
Package: url 2013/09/16  ver 3.4  Verb mode for urls, etc.
)
LaTeX Info: Redefining \url on input line 5041.
\XeTeXLinkMargin=\dimen148
\Fld@menulength=\count142
\Field@Width=\dimen149
\Fld@charsize=\dimen150
Package hyperref Info: Hyper figures OFF on input line 6295.
Package hyperref Info: Link nesting OFF on input line 6300.
Package hyperref Info: Hyper index ON on input line 6303.
Package hyperref Info: backreferencing OFF on input line 6310.
Package hyperref Info: Link coloring OFF on input line 6315.
Package hyperref Info: Link coloring with OCG OFF on input line 6320.
Package hyperref Info: PDF/A mode OFF on input line 6325.
LaTeX Info: Redefining \ref on input line 6365.
LaTeX Info: Redefining \pageref on input line 6369.
\Hy@abspage=\count143
\c@Item=\count144
\c@Hfootnote=\count145
)
(C:\Users\Sandro\AppData\Roaming\MiKTeX\2.9\tex\latex\memoir\memhfixc.sty
Package: memhfixc 2013/05/30 v1.17 nameref/hyperref package fixes for memoir cl
ass
\c@memhycontfloat=\count146
\c@Hpagenote=\count147
)

Package hyperref Message: Driver (autodetected): hpdftex.

("C:\Program Files\MiKTeX 2.9\tex\latex\hyperref\hpdftex.def"
File: hpdftex.def 2012/11/06 v6.83m Hyperref driver for pdfTeX
\Fld@listcount=\count148
\c@bookmark@seq@number=\count149

("C:\Program Files\MiKTeX 2.9\tex\latex\oberdiek\rerunfilecheck.sty"
Package: rerunfilecheck 2011/04/15 v1.7 Rerun checks for auxiliary files (HO)
Package uniquecounter Info: New unique counter `rerunfilecheck' on input line 2
82.
)
\Hy@SectionHShift=\skip185
)
("C:\Program Files\MiKTeX 2.9\tex\latex\oberdiek\bookmark.sty"
Package: bookmark 2011/12/02 v1.24 PDF bookmarks (HO)

("C:\Program Files\MiKTeX 2.9\tex\latex\oberdiek\bkm-pdftex.def"
File: bkm-pdftex.def 2011/12/02 v1.24 bookmark driver for pdfTeX (HO)
\BKM@id=\count150
))
("C:\Program Files\MiKTeX 2.9\tex\generic\babel\babel.sty"
Package: babel 2008/07/08 v3.8m The Babel package

*************************************
* Local config file bblopts.cfg used
*
("C:\Program Files\MiKTeX 2.9\tex\latex\00miktex\bblopts.cfg"
File: bblopts.cfg 2006/07/31 v1.0 MiKTeX 'babel' configuration
)
("C:\Program Files\MiKTeX 2.9\tex\generic\babel\english.ldf"
Language: english 2005/03/30 v3.3o English support from the babel system

("C:\Program Files\MiKTeX 2.9\tex\generic\babel\babel.def"
File: babel.def 2008/07/08 v3.8m Babel common definitions
\babel@savecnt=\count151
\U@D=\dimen151
)
\l@canadian = a dialect from \language\l@american 
\l@australian = a dialect from \language\l@british 
\l@newzealand = a dialect from \language\l@british 
)
("C:\Program Files\MiKTeX 2.9\tex\generic\babel\portuges.ldf"
Language: portuges 2008/03/18 v1.2q Portuguese support from the babel system
\l@brazil = a dialect from \language\l@portuges 
Package babel Info: Making " an active character on input line 145.
))
(C:\Users\Sandro\AppData\Roaming\MiKTeX\2.9\tex\latex\enumitem\enumitem.sty
Package: enumitem 2011/09/28 v3.5.2 Customized lists
\labelindent=\skip186
\enit@outerparindent=\dimen152
\enit@toks=\toks23
\enit@inbox=\box29
\enitdp@description=\count152
)
("C:\Program Files\MiKTeX 2.9\tex\latex\tools\calc.sty"
Package: calc 2007/08/22 v4.3 Infix arithmetic (KKT,FJ)
\calc@Acount=\count153
\calc@Bcount=\count154
\calc@Adimen=\dimen153
\calc@Bdimen=\dimen154
\calc@Askip=\skip187
\calc@Bskip=\skip188
LaTeX Info: Redefining \setlength on input line 76.
LaTeX Info: Redefining \addtolength on input line 77.
\calc@Ccount=\count155
\calc@Cskip=\skip189
)

******************************************************
Stock height and width: 845.04684pt by 597.50787pt
Top and edge trims: 0pt and 0pt
Page height and width: 845.04684pt by 597.50787pt
Text height and width: 708pt by 455pt
Spine and edge margins: 85.35826pt and 56.9055pt
Upper and lower margins: 85.35826pt and 51.68858pt
Headheight and headsep: 14.5pt and 19.8738pt
Footskip: 30pt
Columnsep and columnseprule: 10pt and 0pt
Marginparsep and marginparwidth: 7pt and 42.9055pt
Sidecapsep and sidecapwidth: 7pt and 42pt
Sidebarhsep and sidebarwidth: 7pt and 42pt
Sidebarvsep and sidebartopsep: 14.5pt and 0pt
Sidebarheight: 590.14995pt
Sidefoothsep and sidefootwidth: 7pt and 42pt
Sidefootvsep and sidefootheight: 14.5pt and 590.14995pt
******************************************************

\c@abntex@bookmarkcounter=\count156
\cftlastnumwidth=\skip190
\chapternamenumlength=\skip191
\ABNTEXcitacaorecuo=\skip192
\c@alineasi=\count157
\c@alineasii=\count158
\enitdp@alineas=\count159
\c@subalineasi=\count160
\enitdp@subalineas=\count161
\c@incisosi=\count162
\enitdp@incisos=\count163
\ABNTEXsignwidth=\skip193
\ABNTEXsignthickness=\skip194
\ABNTEXsignskip=\skip195
)
(C:\Users\Sandro\TCC_FINAL\TCC_GRADUATION_SI\NuapaTex_Univas\styles/CodeStyle.s
ty ("C:\Program Files\MiKTeX 2.9\tex\latex\graphics\color.sty"
Package: color 2005/11/14 v1.0j Standard LaTeX Color (DPC)

("C:\Program Files\MiKTeX 2.9\tex\latex\00miktex\color.cfg"
File: color.cfg 2007/01/18 v1.5 color configuration of teTeX/TeXLive
)
Package color Info: Driver file: pdftex.def on input line 130.

("C:\Program Files\MiKTeX 2.9\tex\latex\pdftex-def\pdftex.def"
File: pdftex.def 2011/05/27 v0.06d Graphics/color for pdfTeX
\Gread@gobject=\count164
))
(C:\Users\Sandro\AppData\Roaming\MiKTeX\2.9\tex\latex\listings\listings.sty
\lst@mode=\count165
\lst@gtempboxa=\box30
\lst@token=\toks24
\lst@length=\count166
\lst@currlwidth=\dimen155
\lst@column=\count167
\lst@pos=\count168
\lst@lostspace=\dimen156
\lst@width=\dimen157
\lst@newlines=\count169
\lst@lineno=\count170
\lst@maxwidth=\dimen158

(C:\Users\Sandro\AppData\Roaming\MiKTeX\2.9\tex\latex\listings\lstmisc.sty
File: lstmisc.sty 2015/06/04 1.6 (Carsten Heinz)
\c@lstnumber=\count171
\lst@skipnumbers=\count172
\lst@framebox=\box31
)
(C:\Users\Sandro\AppData\Roaming\MiKTeX\2.9\tex\latex\listings\listings.cfg
File: listings.cfg 2015/06/04 1.6 listings configuration
))
Package: listings 2015/06/04 1.6 (Carsten Heinz)
Package color Info: Redefining color blue on input line 5.
Package color Info: Redefining color cyan on input line 9.
)
(C:\Users\Sandro\TCC_FINAL\TCC_GRADUATION_SI\NuapaTex_Univas\styles/EventFlowSt
yle.sty
\c@tablecell=\count173
)
(C:\Users\Sandro\TCC_FINAL\TCC_GRADUATION_SI\NuapaTex_Univas\styles/NuapaStyle.
sty ("C:\Program Files\MiKTeX 2.9\tex\latex\base\inputenc.sty"
Package: inputenc 2008/03/30 v1.1d Input encoding file
\inpenc@prehook=\toks25
\inpenc@posthook=\toks26

("C:\Program Files\MiKTeX 2.9\tex\latex\base\utf8.def"
File: utf8.def 2008/04/05 v1.1m UTF-8 support for inputenc
Now handling font encoding OML ...
... no UTF-8 mapping file for font encoding OML
Now handling font encoding T1 ...
... processing UTF-8 mapping file for font encoding T1

("C:\Program Files\MiKTeX 2.9\tex\latex\base\t1enc.dfu"
File: t1enc.dfu 2008/04/05 v1.1m UTF-8 support for inputenc
   defining Unicode char U+00A1 (decimal 161)
   defining Unicode char U+00A3 (decimal 163)
   defining Unicode char U+00AB (decimal 171)
   defining Unicode char U+00BB (decimal 187)
   defining Unicode char U+00BF (decimal 191)
   defining Unicode char U+00C0 (decimal 192)
   defining Unicode char U+00C1 (decimal 193)
   defining Unicode char U+00C2 (decimal 194)
   defining Unicode char U+00C3 (decimal 195)
   defining Unicode char U+00C4 (decimal 196)
   defining Unicode char U+00C5 (decimal 197)
   defining Unicode char U+00C6 (decimal 198)
   defining Unicode char U+00C7 (decimal 199)
   defining Unicode char U+00C8 (decimal 200)
   defining Unicode char U+00C9 (decimal 201)
   defining Unicode char U+00CA (decimal 202)
   defining Unicode char U+00CB (decimal 203)
   defining Unicode char U+00CC (decimal 204)
   defining Unicode char U+00CD (decimal 205)
   defining Unicode char U+00CE (decimal 206)
   defining Unicode char U+00CF (decimal 207)
   defining Unicode char U+00D0 (decimal 208)
   defining Unicode char U+00D1 (decimal 209)
   defining Unicode char U+00D2 (decimal 210)
   defining Unicode char U+00D3 (decimal 211)
   defining Unicode char U+00D4 (decimal 212)
   defining Unicode char U+00D5 (decimal 213)
   defining Unicode char U+00D6 (decimal 214)
   defining Unicode char U+00D8 (decimal 216)
   defining Unicode char U+00D9 (decimal 217)
   defining Unicode char U+00DA (decimal 218)
   defining Unicode char U+00DB (decimal 219)
   defining Unicode char U+00DC (decimal 220)
   defining Unicode char U+00DD (decimal 221)
   defining Unicode char U+00DE (decimal 222)
   defining Unicode char U+00DF (decimal 223)
   defining Unicode char U+00E0 (decimal 224)
   defining Unicode char U+00E1 (decimal 225)
   defining Unicode char U+00E2 (decimal 226)
   defining Unicode char U+00E3 (decimal 227)
   defining Unicode char U+00E4 (decimal 228)
   defining Unicode char U+00E5 (decimal 229)
   defining Unicode char U+00E6 (decimal 230)
   defining Unicode char U+00E7 (decimal 231)
   defining Unicode char U+00E8 (decimal 232)
   defining Unicode char U+00E9 (decimal 233)
   defining Unicode char U+00EA (decimal 234)
   defining Unicode char U+00EB (decimal 235)
   defining Unicode char U+00EC (decimal 236)
   defining Unicode char U+00ED (decimal 237)
   defining Unicode char U+00EE (decimal 238)
   defining Unicode char U+00EF (decimal 239)
   defining Unicode char U+00F0 (decimal 240)
   defining Unicode char U+00F1 (decimal 241)
   defining Unicode char U+00F2 (decimal 242)
   defining Unicode char U+00F3 (decimal 243)
   defining Unicode char U+00F4 (decimal 244)
   defining Unicode char U+00F5 (decimal 245)
   defining Unicode char U+00F6 (decimal 246)
   defining Unicode char U+00F8 (decimal 248)
   defining Unicode char U+00F9 (decimal 249)
   defining Unicode char U+00FA (decimal 250)
   defining Unicode char U+00FB (decimal 251)
   defining Unicode char U+00FC (decimal 252)
   defining Unicode char U+00FD (decimal 253)
   defining Unicode char U+00FE (decimal 254)
   defining Unicode char U+00FF (decimal 255)
   defining Unicode char U+0102 (decimal 258)
   defining Unicode char U+0103 (decimal 259)
   defining Unicode char U+0104 (decimal 260)
   defining Unicode char U+0105 (decimal 261)
   defining Unicode char U+0106 (decimal 262)
   defining Unicode char U+0107 (decimal 263)
   defining Unicode char U+010C (decimal 268)
   defining Unicode char U+010D (decimal 269)
   defining Unicode char U+010E (decimal 270)
   defining Unicode char U+010F (decimal 271)
   defining Unicode char U+0110 (decimal 272)
   defining Unicode char U+0111 (decimal 273)
   defining Unicode char U+0118 (decimal 280)
   defining Unicode char U+0119 (decimal 281)
   defining Unicode char U+011A (decimal 282)
   defining Unicode char U+011B (decimal 283)
   defining Unicode char U+011E (decimal 286)
   defining Unicode char U+011F (decimal 287)
   defining Unicode char U+0130 (decimal 304)
   defining Unicode char U+0131 (decimal 305)
   defining Unicode char U+0132 (decimal 306)
   defining Unicode char U+0133 (decimal 307)
   defining Unicode char U+0139 (decimal 313)
   defining Unicode char U+013A (decimal 314)
   defining Unicode char U+013D (decimal 317)
   defining Unicode char U+013E (decimal 318)
   defining Unicode char U+0141 (decimal 321)
   defining Unicode char U+0142 (decimal 322)
   defining Unicode char U+0143 (decimal 323)
   defining Unicode char U+0144 (decimal 324)
   defining Unicode char U+0147 (decimal 327)
   defining Unicode char U+0148 (decimal 328)
   defining Unicode char U+014A (decimal 330)
   defining Unicode char U+014B (decimal 331)
   defining Unicode char U+0150 (decimal 336)
   defining Unicode char U+0151 (decimal 337)
   defining Unicode char U+0152 (decimal 338)
   defining Unicode char U+0153 (decimal 339)
   defining Unicode char U+0154 (decimal 340)
   defining Unicode char U+0155 (decimal 341)
   defining Unicode char U+0158 (decimal 344)
   defining Unicode char U+0159 (decimal 345)
   defining Unicode char U+015A (decimal 346)
   defining Unicode char U+015B (decimal 347)
   defining Unicode char U+015E (decimal 350)
   defining Unicode char U+015F (decimal 351)
   defining Unicode char U+0160 (decimal 352)
   defining Unicode char U+0161 (decimal 353)
   defining Unicode char U+0162 (decimal 354)
   defining Unicode char U+0163 (decimal 355)
   defining Unicode char U+0164 (decimal 356)
   defining Unicode char U+0165 (decimal 357)
   defining Unicode char U+016E (decimal 366)
   defining Unicode char U+016F (decimal 367)
   defining Unicode char U+0170 (decimal 368)
   defining Unicode char U+0171 (decimal 369)
   defining Unicode char U+0178 (decimal 376)
   defining Unicode char U+0179 (decimal 377)
   defining Unicode char U+017A (decimal 378)
   defining Unicode char U+017B (decimal 379)
   defining Unicode char U+017C (decimal 380)
   defining Unicode char U+017D (decimal 381)
   defining Unicode char U+017E (decimal 382)
   defining Unicode char U+200C (decimal 8204)
   defining Unicode char U+2013 (decimal 8211)
   defining Unicode char U+2014 (decimal 8212)
   defining Unicode char U+2018 (decimal 8216)
   defining Unicode char U+2019 (decimal 8217)
   defining Unicode char U+201A (decimal 8218)
   defining Unicode char U+201C (decimal 8220)
   defining Unicode char U+201D (decimal 8221)
   defining Unicode char U+201E (decimal 8222)
   defining Unicode char U+2030 (decimal 8240)
   defining Unicode char U+2031 (decimal 8241)
   defining Unicode char U+2039 (decimal 8249)
   defining Unicode char U+203A (decimal 8250)
   defining Unicode char U+2423 (decimal 9251)
)
Now handling font encoding OT1 ...
... processing UTF-8 mapping file for font encoding OT1

("C:\Program Files\MiKTeX 2.9\tex\latex\base\ot1enc.dfu"
File: ot1enc.dfu 2008/04/05 v1.1m UTF-8 support for inputenc
   defining Unicode char U+00A1 (decimal 161)
   defining Unicode char U+00A3 (decimal 163)
   defining Unicode char U+00B8 (decimal 184)
   defining Unicode char U+00BF (decimal 191)
   defining Unicode char U+00C5 (decimal 197)
   defining Unicode char U+00C6 (decimal 198)
   defining Unicode char U+00D8 (decimal 216)
   defining Unicode char U+00DF (decimal 223)
   defining Unicode char U+00E6 (decimal 230)
   defining Unicode char U+00EC (decimal 236)
   defining Unicode char U+00ED (decimal 237)
   defining Unicode char U+00EE (decimal 238)
   defining Unicode char U+00EF (decimal 239)
   defining Unicode char U+00F8 (decimal 248)
   defining Unicode char U+0131 (decimal 305)
   defining Unicode char U+0141 (decimal 321)
   defining Unicode char U+0142 (decimal 322)
   defining Unicode char U+0152 (decimal 338)
   defining Unicode char U+0153 (decimal 339)
   defining Unicode char U+2013 (decimal 8211)
   defining Unicode char U+2014 (decimal 8212)
   defining Unicode char U+2018 (decimal 8216)
   defining Unicode char U+2019 (decimal 8217)
   defining Unicode char U+201C (decimal 8220)
   defining Unicode char U+201D (decimal 8221)
)
Now handling font encoding OMS ...
... processing UTF-8 mapping file for font encoding OMS

("C:\Program Files\MiKTeX 2.9\tex\latex\base\omsenc.dfu"
File: omsenc.dfu 2008/04/05 v1.1m UTF-8 support for inputenc
   defining Unicode char U+00A7 (decimal 167)
   defining Unicode char U+00B6 (decimal 182)
   defining Unicode char U+00B7 (decimal 183)
   defining Unicode char U+2020 (decimal 8224)
   defining Unicode char U+2021 (decimal 8225)
   defining Unicode char U+2022 (decimal 8226)
)
Now handling font encoding OMX ...
... no UTF-8 mapping file for font encoding OMX
Now handling font encoding U ...
... no UTF-8 mapping file for font encoding U
Now handling font encoding PD1 ...
... no UTF-8 mapping file for font encoding PD1
   defining Unicode char U+00A9 (decimal 169)
   defining Unicode char U+00AA (decimal 170)
   defining Unicode char U+00AE (decimal 174)
   defining Unicode char U+00BA (decimal 186)
   defining Unicode char U+02C6 (decimal 710)
   defining Unicode char U+02DC (decimal 732)
   defining Unicode char U+200C (decimal 8204)
   defining Unicode char U+2026 (decimal 8230)
   defining Unicode char U+2122 (decimal 8482)
   defining Unicode char U+2423 (decimal 9251)
))
("C:\Program Files\MiKTeX 2.9\tex\latex\base\fontenc.sty"
Package: fontenc 2005/09/27 v1.99g Standard LaTeX package

("C:\Program Files\MiKTeX 2.9\tex\latex\base\t1enc.def"
File: t1enc.def 2005/09/27 v1.99g Standard LaTeX file
LaTeX Font Info:    Redeclaring font encoding T1 on input line 43.
))
(C:\Users\Sandro\AppData\Roaming\MiKTeX\2.9\tex\latex\abntex2\abntex2cite.sty
Package: abntex2cite 2015/04/28 v1.9.5 abnTeX2

(C:\Users\Sandro\AppData\Roaming\MiKTeX\2.9\tex\latex\abntex2\abntex2abrev.sty)
\minimumbiblabelwidth=\skip196
\ABCIauxlen=\skip197
\c@ABCIaux=\count174
\c@ABCImax=\count175
("C:\Program Files\MiKTeX 2.9\tex\latex\ltxmisc\relsize.sty"
Package: relsize 2003/07/04 ver 3.1
)
\biblabelsep=\skip198
LaTeX Info: Redefining \newblock on input line 591.
LaTeX Info: Redefining \cite on input line 618.
\ABCItoken=\toks27
)
("C:\Program Files\MiKTeX 2.9\tex\latex\graphics\graphicx.sty"
Package: graphicx 1999/02/16 v1.0f Enhanced LaTeX Graphics (DPC,SPQR)

("C:\Program Files\MiKTeX 2.9\tex\latex\graphics\graphics.sty"
Package: graphics 2009/02/05 v1.0o Standard LaTeX Graphics (DPC,SPQR)

("C:\Program Files\MiKTeX 2.9\tex\latex\graphics\trig.sty"
Package: trig 1999/03/16 v1.09 sin cos tan (DPC)
)
("C:\Program Files\MiKTeX 2.9\tex\latex\00miktex\graphics.cfg"
File: graphics.cfg 2007/01/18 v1.5 graphics configuration of teTeX/TeXLive
)
Package graphics Info: Driver file: pdftex.def on input line 91.
)
\Gin@req@height=\dimen159
\Gin@req@width=\dimen160
)
("C:\Program Files\MiKTeX 2.9\tex\latex\geometry\geometry.sty"
Package: geometry 2010/09/12 v5.6 Page Geometry
\Gm@cnth=\count176
\Gm@cntv=\count177
\c@Gm@tempcnt=\count178
\Gm@bindingoffset=\dimen161
\Gm@wd@mp=\dimen162
\Gm@odd@mp=\dimen163
\Gm@even@mp=\dimen164
\Gm@layoutwidth=\dimen165
\Gm@layoutheight=\dimen166
\Gm@layouthoffset=\dimen167
\Gm@layoutvoffset=\dimen168
\Gm@dimlist=\toks28

("C:\Program Files\MiKTeX 2.9\tex\latex\geometry\geometry.cfg"))
("C:\Program Files\MiKTeX 2.9\tex\latex\lm\lmodern.sty"
Package: lmodern 2009/10/30 v1.6 Latin Modern Fonts
LaTeX Font Info:    Overwriting symbol font `operators' in version `normal'
(Font)                  OT1/cmr/m/n --> OT1/lmr/m/n on input line 22.
LaTeX Font Info:    Overwriting symbol font `letters' in version `normal'
(Font)                  OML/cmm/m/it --> OML/lmm/m/it on input line 23.
LaTeX Font Info:    Overwriting symbol font `symbols' in version `normal'
(Font)                  OMS/cmsy/m/n --> OMS/lmsy/m/n on input line 24.
LaTeX Font Info:    Overwriting symbol font `largesymbols' in version `normal'
(Font)                  OMX/cmex/m/n --> OMX/lmex/m/n on input line 25.
LaTeX Font Info:    Overwriting symbol font `operators' in version `bold'
(Font)                  OT1/cmr/bx/n --> OT1/lmr/bx/n on input line 26.
LaTeX Font Info:    Overwriting symbol font `letters' in version `bold'
(Font)                  OML/cmm/b/it --> OML/lmm/b/it on input line 27.
LaTeX Font Info:    Overwriting symbol font `symbols' in version `bold'
(Font)                  OMS/cmsy/b/n --> OMS/lmsy/b/n on input line 28.
LaTeX Font Info:    Overwriting symbol font `largesymbols' in version `bold'
(Font)                  OMX/cmex/m/n --> OMX/lmex/m/n on input line 29.
LaTeX Font Info:    Overwriting math alphabet `\mathbf' in version `normal'
(Font)                  OT1/cmr/bx/n --> OT1/lmr/bx/n on input line 31.
LaTeX Font Info:    Overwriting math alphabet `\mathsf' in version `normal'
(Font)                  OT1/cmss/m/n --> OT1/lmss/m/n on input line 32.
LaTeX Font Info:    Overwriting math alphabet `\mathit' in version `normal'
(Font)                  OT1/cmr/m/it --> OT1/lmr/m/it on input line 33.
LaTeX Font Info:    Overwriting math alphabet `\mathtt' in version `normal'
(Font)                  OT1/cmtt/m/n --> OT1/lmtt/m/n on input line 34.
LaTeX Font Info:    Overwriting math alphabet `\mathbf' in version `bold'
(Font)                  OT1/cmr/bx/n --> OT1/lmr/bx/n on input line 35.
LaTeX Font Info:    Overwriting math alphabet `\mathsf' in version `bold'
(Font)                  OT1/cmss/bx/n --> OT1/lmss/bx/n on input line 36.
LaTeX Font Info:    Overwriting math alphabet `\mathit' in version `bold'
(Font)                  OT1/cmr/bx/it --> OT1/lmr/bx/it on input line 37.
LaTeX Font Info:    Overwriting math alphabet `\mathtt' in version `bold'
(Font)                  OT1/cmtt/m/n --> OT1/lmtt/m/n on input line 38.
)
("C:\Program Files\MiKTeX 2.9\tex\latex\multirow\multirow.sty"
\bigstrutjot=\dimen169
)
(C:\Users\Sandro\AppData\Roaming\MiKTeX\2.9\tex\latex\lastpage\lastpage.sty

LaTeX Warning: You have requested release `2014/05/01' of LaTeX,
               but only release `2011/06/27' is available.

Package: lastpage 2015/03/29 v1.2m Refers to last page's name (HMM; JPG)
)

Class memoir Warning: You are using the caption package with the memoir class. 
To prepare we will now reset all captioning macros and configurations to kernel
 defaults, and then let the caption package take over. Please remember to use t
he caption package interfaces in order to configure your captions. .

(C:\Users\Sandro\AppData\Roaming\MiKTeX\2.9\tex\latex\caption\caption.sty
Package: caption 2013/05/02 v3.3-89 Customizing captions (AR)

(C:\Users\Sandro\AppData\Roaming\MiKTeX\2.9\tex\latex\caption\caption3.sty
Package: caption3 2013/05/02 v1.6-88 caption3 kernel (AR)
Package caption3 Info: TeX engine: e-TeX on input line 57.
\captionmargin=\dimen170
\captionmargin@=\dimen171
\captionwidth=\dimen172
\caption@tempdima=\dimen173
\caption@indent=\dimen174
\caption@parindent=\dimen175
\caption@hangindent=\dimen176
)
\c@ContinuedFloat=\count179
Package caption Info: hyperref package is loaded.
Package caption Info: listings package is loaded.
)
("C:\Program Files\MiKTeX 2.9\tex\latex\tools\indentfirst.sty"
Package: indentfirst 1995/11/23 v1.03 Indent first paragraph (DPC)
)
(C:\Users\Sandro\AppData\Roaming\MiKTeX\2.9\tex\latex\titlesec\titlesec.sty
Package: titlesec 2011/12/15 v2.10.0 Sectioning titles
\ttl@box=\box32
\beforetitleunit=\skip199
\aftertitleunit=\skip200
\ttl@plus=\dimen177
\ttl@minus=\dimen178
\ttl@toksa=\toks29
\titlewidth=\dimen179
\titlewidthlast=\dimen180
\titlewidthfirst=\dimen181
)
\c@loqdepth=\count180
\c@quadro=\count181
\cftbeforequadroskip=\skip201
\cftquadroindent=\skip202
\cftquadronumwidth=\skip203

(C:\Users\Sandro\TCC_FINAL\TCC_GRADUATION_SI\NuapaTex_Univas\editaveis/00_Dados
.tex)
Package hyperref Info: Option `colorlinks' set `true' on input line 327.
 (C:\Users\Sandro\AppData\Roaming\MiKTeX\2.9\tex\latex\ms\ragged2e.sty
Package: ragged2e 2009/05/21 v2.1 ragged2e Package (MS)

(C:\Users\Sandro\AppData\Roaming\MiKTeX\2.9\tex\latex\ms\everysel.sty
Package: everysel 2011/10/28 v1.2 EverySelectfont Package (MS)
)
\CenteringLeftskip=\skip204
\RaggedLeftLeftskip=\skip205
\RaggedRightLeftskip=\skip206
\CenteringRightskip=\skip207
\RaggedLeftRightskip=\skip208
\RaggedRightRightskip=\skip209
\CenteringParfillskip=\skip210
\RaggedLeftParfillskip=\skip211
\RaggedRightParfillskip=\skip212
\JustifyingParfillskip=\skip213
\CenteringParindent=\skip214
\RaggedLeftParindent=\skip215
\RaggedRightParindent=\skip216
\JustifyingParindent=\skip217
))
(C:\Users\Sandro\TCC_FINAL\TCC_GRADUATION_SI\NuapaTex_Univas\Principal.aux)
LaTeX Font Info:    Checking defaults for OML/cmm/m/it on input line 13.
LaTeX Font Info:    ... okay on input line 13.
LaTeX Font Info:    Checking defaults for T1/cmr/m/n on input line 13.
LaTeX Font Info:    ... okay on input line 13.
LaTeX Font Info:    Checking defaults for OT1/cmr/m/n on input line 13.
LaTeX Font Info:    ... okay on input line 13.
LaTeX Font Info:    Checking defaults for OMS/cmsy/m/n on input line 13.
LaTeX Font Info:    ... okay on input line 13.
LaTeX Font Info:    Checking defaults for OMX/cmex/m/n on input line 13.
LaTeX Font Info:    ... okay on input line 13.
LaTeX Font Info:    Checking defaults for U/cmr/m/n on input line 13.
LaTeX Font Info:    ... okay on input line 13.
LaTeX Font Info:    Checking defaults for PD1/pdf/m/n on input line 13.
LaTeX Font Info:    ... okay on input line 13.
LaTeX Font Info:    Try loading font information for T1+ptm on input line 13.

("C:\Program Files\MiKTeX 2.9\tex\latex\psnfss\t1ptm.fd"
File: t1ptm.fd 2001/06/04 font definitions for T1/ptm.
)
\AtBeginShipoutBox=\box33
Package hyperref Info: Link coloring ON on input line 13.

("C:\Program Files\MiKTeX 2.9\tex\latex\hyperref\nameref.sty"
Package: nameref 2012/10/27 v2.43 Cross-referencing by name of section

("C:\Program Files\MiKTeX 2.9\tex\generic\oberdiek\gettitlestring.sty"
Package: gettitlestring 2010/12/03 v1.4 Cleanup title references (HO)
)
\c@section@level=\count182
)
Redoing nameref's sectioning
Redoing nameref's label
LaTeX Info: Redefining \nameref on input line 13.
LaTeX Info: Redefining \ref on input line 13.
LaTeX Info: Redefining \pageref on input line 13.
LaTeX Info: Redefining \nameref on input line 13.
\myptabbox=\box34
\myptabboxwidth=\skip218
(C:\Users\Sandro\AppData\Roaming\MiKTeX\2.9\tex\context\base\supp-pdf.mkii
[Loading MPS to PDF converter (version 2006.09.02).]
\scratchcounter=\count183
\scratchdimen=\dimen182
\scratchbox=\box35
\nofMPsegments=\count184
\nofMParguments=\count185
\everyMPshowfont=\toks30
\MPscratchCnt=\count186
\MPscratchDim=\dimen183
\MPnumerator=\count187
\makeMPintoPDFobject=\count188
\everyMPtoPDFconversion=\toks31
)
\c@lstlisting=\count189

*geometry* detected driver: pdftex
*geometry* verbose mode - [ preamble ] result:
* driver: pdftex
* paper: a4paper
* layout: <same size as paper>
* layoutoffset:(h,v)=(0.0pt,0.0pt)
* modes: 
* h-part:(L,W,R)=(113.81102pt, 426.79135pt, 56.9055pt)
* v-part:(T,H,B)=(85.35826pt, 702.78308pt, 56.9055pt)
* \paperwidth=597.50787pt
* \paperheight=845.04684pt
* \textwidth=426.79135pt
* \textheight=702.78308pt
* \oddsidemargin=41.54103pt
* \evensidemargin=41.54103pt
* \topmargin=-21.28552pt
* \headheight=14.5pt
* \headsep=19.8738pt
* \topskip=12.0pt
* \footskip=30.0pt
* \marginparwidth=42.9055pt
* \marginparsep=7.0pt
* \columnsep=10.0pt
* \skip\footins=12.0pt plus 4.0pt minus 4.0pt
* \hoffset=0.0pt
* \voffset=0.0pt
* \mag=1000
* \@twocolumnfalse
* \@twosidefalse
* \@mparswitchfalse
* \@reversemarginfalse
* (1in=72.27pt=25.4mm, 1cm=28.453pt)

Package lastpage Info: Please have a look at the pageslts package at
(lastpage)             https://www.ctan.org/pkg/pageslts
(lastpage)             ! on input line 13.
Package caption Info: Begin \AtBeginDocument code.
Package caption Info: End \AtBeginDocument code.
ABD: EverySelectfont initializing macros
LaTeX Info: Redefining \selectfont on input line 13.

(C:\Users\Sandro\TCC_FINAL\TCC_GRADUATION_SI\NuapaTex_Univas\fixos/01_Capa.tex
LaTeX Font Info:    Font shape `T1/ptm/bx/n' in size <12> not available
(Font)              Font shape `T1/ptm/b/n' tried instead on input line 36.
LaTeX Font Info:    Font shape `T1/ptm/bx/n' in size <17.28> not available
(Font)              Font shape `T1/ptm/b/n' tried instead on input line 36.
LaTeX Font Info:    Try loading font information for OT1+lmr on input line 36.

("C:\Program Files\MiKTeX 2.9\tex\latex\lm\ot1lmr.fd"
File: ot1lmr.fd 2009/10/30 v1.6 Font defs for Latin Modern
)
LaTeX Font Info:    Try loading font information for OML+lmm on input line 36.

("C:\Program Files\MiKTeX 2.9\tex\latex\lm\omllmm.fd"
File: omllmm.fd 2009/10/30 v1.6 Font defs for Latin Modern
)
LaTeX Font Info:    Try loading font information for OMS+lmsy on input line 36.


("C:\Program Files\MiKTeX 2.9\tex\latex\lm\omslmsy.fd"
File: omslmsy.fd 2009/10/30 v1.6 Font defs for Latin Modern
)
LaTeX Font Info:    Try loading font information for OMX+lmex on input line 36.


("C:\Program Files\MiKTeX 2.9\tex\latex\lm\omxlmex.fd"
File: omxlmex.fd 2009/10/30 v1.6 Font defs for Latin Modern
)
LaTeX Font Info:    External font `lmex10' loaded for size
(Font)              <12> on input line 36.
LaTeX Font Info:    External font `lmex10' loaded for size
(Font)              <8> on input line 36.
LaTeX Font Info:    External font `lmex10' loaded for size
(Font)              <6> on input line 36.
LaTeX Font Info:    Font shape `T1/ptm/bx/n' in size <14.4> not available
(Font)              Font shape `T1/ptm/b/n' tried instead on input line 36.
 [1

{C:/Users/Sandro/AppData/Local/MiKTeX/2.9/pdftex/config/pdftex.map}])
(C:\Users\Sandro\TCC_FINAL\TCC_GRADUATION_SI\NuapaTex_Univas\fixos/02_FolhaRost
o.texpdfTeX warning (ext4): destination with the same identifier (name{page.1})
 has been already used, duplicate ignored
<to be read again> 
                   \relax 
l.35 \imprimirfolhaderosto*{}
                              [1



])
(C:\Users\Sandro\TCC_FINAL\TCC_GRADUATION_SI\NuapaTex_Univas\fixos/03_FichaCata
lografica.tex
Underfull \hbox (badness 10000) in paragraph at lines 24--24

 []


Underfull \hbox (badness 10000) in paragraph at lines 24--24

 []


Underfull \hbox (badness 10000) in paragraph at lines 24--24

 []


Underfull \hbox (badness 10000) in paragraph at lines 24--24

 []

[2])
(C:\Users\Sandro\TCC_FINAL\TCC_GRADUATION_SI\NuapaTex_Univas\fixos/04_FolhaApro
vacao.tex
Underfull \hbox (badness 10000) in paragraph at lines 16--17

 []

[3

])
(C:\Users\Sandro\TCC_FINAL\TCC_GRADUATION_SI\NuapaTex_Univas\editaveis/05_Dedic
atoria.tex [4

])
(C:\Users\Sandro\TCC_FINAL\TCC_GRADUATION_SI\NuapaTex_Univas\editaveis/06_Agrad
ecimentos.tex
Underfull \hbox (badness 10000) in paragraph at lines 3--5

 []


Underfull \hbox (badness 10000) in paragraph at lines 23--25

 []

[5


] [6])
(C:\Users\Sandro\TCC_FINAL\TCC_GRADUATION_SI\NuapaTex_Univas\editaveis/07_Epigr
afe.tex [7

])
(C:\Users\Sandro\TCC_FINAL\TCC_GRADUATION_SI\NuapaTex_Univas\editaveis/08_Resum
o.tex [8

])
(C:\Users\Sandro\TCC_FINAL\TCC_GRADUATION_SI\NuapaTex_Univas\editaveis/09_Abstr
act.tex [9

])
(C:\Users\Sandro\TCC_FINAL\TCC_GRADUATION_SI\NuapaTex_Univas\fixos/0A_ListasAut
omaticas.tex
(C:\Users\Sandro\TCC_FINAL\TCC_GRADUATION_SI\NuapaTex_Univas\Principal.lof
LaTeX Font Info:    Try loading font information for T1+lmtt on input line 7.

("C:\Program Files\MiKTeX 2.9\tex\latex\lm\t1lmtt.fd"
File: t1lmtt.fd 2009/10/30 v1.6 Font defs for Latin Modern
) [10

]) [11]
(C:\Users\Sandro\TCC_FINAL\TCC_GRADUATION_SI\NuapaTex_Univas\Principal.lol
Overfull \hbox (18.2033pt too wide) in paragraph at lines 1--1
 [][] [][]\T1/ptm/b/n/12 Có-digo []Método \T1/lmtt/b/n/12 iniciarDistribuicao()
 \T1/ptm/b/n/12 da classe \T1/lmtt/b/n/12 GeneticAlgorithm- 
 []

) [12

])
(C:\Users\Sandro\TCC_FINAL\TCC_GRADUATION_SI\NuapaTex_Univas\fixos/0C_Sumario.t
ex (C:\Users\Sandro\TCC_FINAL\TCC_GRADUATION_SI\NuapaTex_Univas\Principal.toc)
[13

])
(C:\Users\Sandro\TCC_FINAL\TCC_GRADUATION_SI\NuapaTex_Univas\editaveis/10_a_Int
roducao.tex
LaTeX Font Info:    External font `lmex10' loaded for size
(Font)              <10> on input line 60.
LaTeX Font Info:    External font `lmex10' loaded for size
(Font)              <7> on input line 60.
LaTeX Font Info:    External font `lmex10' loaded for size
(Font)              <5> on input line 60.
 [14

] [15])
(C:\Users\Sandro\TCC_FINAL\TCC_GRADUATION_SI\NuapaTex_Univas\editaveis/11_Quadr
oTeorico.tex [16] [17

] [18] [19]
<./imagens/algoritimos_geneticos.jpg, id=392, 700.11563pt x 323.70938pt>
File: ./imagens/algoritimos_geneticos.jpg Graphic file (type jpg)

<use ./imagens/algoritimos_geneticos.jpg>
Package pdftex.def Info: ./imagens/algoritimos_geneticos.jpg used on input line
 154.
(pdftex.def)             Requested size: 350.05696pt x 161.8543pt.
LaTeX Font Info:    Font shape `T1/ptm/bx/n' in size <10> not available
(Font)              Font shape `T1/ptm/b/n' tried instead on input line 156.
 [20 <C:/Users/Sandro/TCC_FINAL/TCC_GRADUATION_SI/NuapaTex_Univas/imagens/algor
itimos_geneticos.jpg>] [21]
<./imagens/roleta.jpg, id=423, 311.9655pt x 103.587pt>
File: ./imagens/roleta.jpg Graphic file (type jpg)

<use ./imagens/roleta.jpg>
Package pdftex.def Info: ./imagens/roleta.jpg used on input line 227.
(pdftex.def)             Requested size: 311.96474pt x 103.58675pt.
 [22 <C:/Users/Sandro/TCC_FINAL/TCC_GRADUATION_SI/NuapaTex_Univas/imagens/rolet
a.jpg>] [23] [24] [25] [26]
<./imagens/jsf_using_mvc.jpg, id=496, 521.95pt x 250.9375pt>
File: ./imagens/jsf_using_mvc.jpg Graphic file (type jpg)

<use ./imagens/jsf_using_mvc.jpg>
Package pdftex.def Info: ./imagens/jsf_using_mvc.jpg used on input line 440.
(pdftex.def)             Requested size: 260.97435pt x 125.46843pt.
 [27 <C:/Users/Sandro/TCC_FINAL/TCC_GRADUATION_SI/NuapaTex_Univas/imagens/jsf_u
sing_mvc.jpg>]
LaTeX Font Info:    Try loading font information for OMS+ptm on input line 463.


("C:\Program Files\MiKTeX 2.9\tex\latex\psnfss\omsptm.fd"
File: omsptm.fd 
)
LaTeX Font Info:    Font shape `OMS/ptm/m/n' in size <12> not available
(Font)              Font shape `OMS/cmsy/m/n' tried instead on input line 463.

Overfull \hbox (0.92644pt too wide) in paragraph at lines 463--465
[]\T1/ptm/m/it/12 Sun Mo-jarra \T1/ptm/m/n/12 (an-tes JSF R1)  im-ple-men-ta-ç
ão de re-fe-rên-cia ([][]$<[]http : / / javaserverfaces .$
 []

[28]
Overfull \hbox (2.39148pt too wide) in paragraph at lines 538--542
 []\T1/ptm/m/n/10 uma co-le-ção de in-for-ma-ções re-la-ci-o-na-das, or-ga-ni-z
a-das em ta-be-las. Cada
 []

[29])
(C:\Users\Sandro\TCC_FINAL\TCC_GRADUATION_SI\NuapaTex_Univas\editaveis/12_Quadr
oMetodologico.tex [30] [31

] [32] [33] [34] [35] [36]
Overfull \hbox (1.6316pt too wide) in paragraph at lines 235--238
[]\T1/lmtt/m/n/12 mutationType\T1/ptm/m/n/12 : Se-gue a mesma forma que o \T1/l
mtt/m/n/12 selectionType \T1/ptm/m/n/12 e o \T1/lmtt/m/n/12 crossType
 []

[37]
Overfull \hbox (14.74661pt too wide) in paragraph at lines 302--304
[]\T1/ptm/m/n/12 Criação da po-pu-la-ção ini-cial, atra-vés do mé-todo \T1/lmtt
/m/n/12 createInitialPopulation()
 []


Overfull \hbox (1.10155pt too wide) in paragraph at lines 305--307
[]\T1/ptm/m/n/12 Classificação e ava-li-a-ção da po-pu-la-ção ini-cial atra-vés
 do mé-todo \T1/lmtt/m/n/12 classify()\T1/ptm/m/n/12 ; 
 []


Overfull \hbox (36.33386pt too wide) in paragraph at lines 313--314
[]\T1/ptm/m/n/12 Realização do pro-cesso de se-le-ção de in-di-ví-duos, atra-vé
s do mé-todo \T1/lmtt/m/n/12 doSelection()\T1/ptm/m/n/12 ; 
 []


Overfull \hbox (25.46257pt too wide) in paragraph at lines 315--317
[]\T1/ptm/m/n/12 Execução do pro-cesso de cru-za-mento e mu-ta-ção, atra-vés do
 mé-todo \T1/lmtt/m/n/12 doCrossing()
 []

[38] <./imagens/processo1.png, id=613, 812.03375pt x 252.945pt>
File: ./imagens/processo1.png Graphic file (type png)

<use ./imagens/processo1.png>
Package pdftex.def Info: ./imagens/processo1.png used on input line 349.
(pdftex.def)             Requested size: 406.01588pt x 126.47218pt.

<./imagens/representacao_processo.png, id=616, 398.23781pt x 323.70938pt>
File: ./imagens/representacao_processo.png Graphic file (type png)

<use ./imagens/representacao_processo.png>
Package pdftex.def Info: ./imagens/representacao_processo.png used on input lin
e 368.
(pdftex.def)             Requested size: 284.52756pt x 231.28745pt.
 [39 <C:/Users/Sandro/TCC_FINAL/TCC_GRADUATION_SI/NuapaTex_Univas/imagens/proce
sso1.png>] [40 <C:/Users/Sandro/TCC_FINAL/TCC_GRADUATION_SI/NuapaTex_Univas/ima
gens/representacao_processo.png>]
<./imagens/atividade_diagram.png, id=627, 554.07pt x 260.47313pt>
File: ./imagens/atividade_diagram.png Graphic file (type png)

<use ./imagens/atividade_diagram.png>
Package pdftex.def Info: ./imagens/atividade_diagram.png used on input line 393
.
(pdftex.def)             Requested size: 387.84636pt x 182.32994pt.

<./imagens/fluxo_basico.png, id=632, 862.22125pt x 453.695pt>
File: ./imagens/fluxo_basico.png Graphic file (type png)

<use ./imagens/fluxo_basico.png>
Package pdftex.def Info: ./imagens/fluxo_basico.png used on input line 419.
(pdftex.def)             Requested size: 398.33858pt x 209.6022pt.
 [41 <C:/Users/Sandro/TCC_FINAL/TCC_GRADUATION_SI/NuapaTex_Univas/imagens/ativi
dade_diagram.png>]
(C:\Users\Sandro\AppData\Roaming\MiKTeX\2.9\tex\latex\listings\lstlang1.sty
File: lstlang1.sty 2015/06/04 1.6 listings language file
)
Package hyperref Info: bookmark level for unknown lstlisting defaults to 0 on i
nput line 440.
LaTeX Font Info:    Font shape `T1/lmtt/bx/n' in size <10> not available
(Font)              Font shape `T1/lmtt/b/n' tried instead on input line 442.

[42 <C:/Users/Sandro/TCC_FINAL/TCC_GRADUATION_SI/NuapaTex_Univas/imagens/fluxo_
basico.png>] [43] [44]
<./imagens/distribuicao_exemplo.png, id=725, 560.0925pt x 303.1325pt>
File: ./imagens/distribuicao_exemplo.png Graphic file (type png)

<use ./imagens/distribuicao_exemplo.png>
Package pdftex.def Info: ./imagens/distribuicao_exemplo.png used on input line 
555.
(pdftex.def)             Requested size: 280.04556pt x 151.56587pt.
 [45 <C:/Users/Sandro/TCC_FINAL/TCC_GRADUATION_SI/NuapaTex_Univas/imagens/distr
ibuicao_exemplo.png>]
<./imagens/processo_chromosome_diagram.png, id=733, 630.85687pt x 388.45125pt>
File: ./imagens/processo_chromosome_diagram.png Graphic file (type png)

<use ./imagens/processo_chromosome_diagram.png>
Package pdftex.def Info: ./imagens/processo_chromosome_diagram.png used on inpu
t line 589.
(pdftex.def)             Requested size: 315.42766pt x 194.22514pt.
 [46 <C:/Users/Sandro/TCC_FINAL/TCC_GRADUATION_SI/NuapaTex_Univas/imagens/proce
sso_chromosome_diagram.png>]
<./imagens/costureira_habilidade_tabela.png, id=741, 509.65407pt x 277.78781pt>
File: ./imagens/costureira_habilidade_tabela.png Graphic file (type png)
<use ./imagens/costureira_habilidade_tabela.png>
Package pdftex.def Info: ./imagens/costureira_habilidade_tabela.png used on inp
ut line 613.
(pdftex.def)             Requested size: 305.7948pt x 166.67395pt.

<./imagens/costureiraHabilidade_class.png, id=743, 490.83376pt x 371.3875pt>
File: ./imagens/costureiraHabilidade_class.png Graphic file (type png)

<use ./imagens/costureiraHabilidade_class.png>
Package pdftex.def Info: ./imagens/costureiraHabilidade_class.png used on input
 line 629.
(pdftex.def)             Requested size: 245.41628pt x 185.69328pt.
 [47 <C:/Users/Sandro/TCC_FINAL/TCC_GRADUATION_SI/NuapaTex_Univas/imagens/costu
reira_habilidade_tabela.png> <C:/Users/Sandro/TCC_FINAL/TCC_GRADUATION_SI/Nuapa
Tex_Univas/imagens/costureiraHabilidade_class.png>]
<./imagens/class_individual.png, id=750, 344.03531pt x 325.215pt>
File: ./imagens/class_individual.png Graphic file (type png)

<use ./imagens/class_individual.png>
Package pdftex.def Info: ./imagens/class_individual.png used on input line 648.

(pdftex.def)             Requested size: 240.82307pt x 227.64894pt.
 [48 <C:/Users/Sandro/TCC_FINAL/TCC_GRADUATION_SI/NuapaTex_Univas/imagens/class
_individual.png>]
<./imagens/distribuicao_porcentagem.png, id=759, 94.85437pt x 60.225pt>
File: ./imagens/distribuicao_porcentagem.png Graphic file (type png)

<use ./imagens/distribuicao_porcentagem.png>
Package pdftex.def Info: ./imagens/distribuicao_porcentagem.png used on input l
ine 705.
(pdftex.def)             Requested size: 94.85413pt x 60.22484pt.
 [49 <C:/Users/Sandro/TCC_FINAL/TCC_GRADUATION_SI/NuapaTex_Univas/imagens/distr
ibuicao_porcentagem.png>] [50]
[51] [52] <./imagens/tempo_habilidade_3.PNG, id=876, 640.3925pt x 257.96375pt>
File: ./imagens/tempo_habilidade_3.PNG Graphic file (type png)

<use ./imagens/tempo_habilidade_3.PNG>
Package pdftex.def Info: ./imagens/tempo_habilidade_3.PNG used on input line 88
0.
(pdftex.def)             Requested size: 320.19547pt x 128.98155pt.
 [53 <C:/Users/Sandro/TCC_FINAL/TCC_GRADUATION_SI/NuapaTex_Univas/imagens/tempo
_habilidade_3.PNG>]
<./imagens/montagem_node.png, id=883, 339.52348pt x 97.00671pt>
File: ./imagens/montagem_node.png Graphic file (type png)

<use ./imagens/montagem_node.png>
Package pdftex.def Info: ./imagens/montagem_node.png used on input line 898.
(pdftex.def)             Requested size: 373.47697pt x 106.7077pt.
 [54 <C:/Users/Sandro/TCC_FINAL/TCC_GRADUATION_SI/NuapaTex_Univas/imagens/monta
gem_node.png>] [55] [56] [57] [58]
<./imagens/distribuicao_exemplo_apresentacao.png, id=1083, 339.52348pt x 121.25
839pt>
File: ./imagens/distribuicao_exemplo_apresentacao.png Graphic file (type png)
 <use ./imagens/distribuicao_exemplo_apresentacao.png>
Package pdftex.def Info: ./imagens/distribuicao_exemplo_apresentacao.png used o
n input line 1171.
(pdftex.def)             Requested size: 407.42613pt x 145.50932pt.
 [59 <C:/Users/Sandro/TCC_FINAL/TCC_GRADUATION_SI/NuapaTex_Univas/imagens/distr
ibuicao_exemplo_apresentacao.png>]
Overfull \hbox (5.03662pt too wide) in paragraph at lines 1218--1220
[]\T1/ptm/m/n/12 Resumindo, o fluxo de exe-cu-ção dos mé-to-dos en-tão será \T1
/lmtt/m/n/12 getCromossomeValue()\T1/ptm/m/n/12 ,
 []

[60] <./imagens/distribuicao_tempo.png, id=1128, 363.77516pt x 145.51007pt>
File: ./imagens/distribuicao_tempo.png Graphic file (type png)

<use ./imagens/distribuicao_tempo.png>
Package pdftex.def Info: ./imagens/distribuicao_tempo.png used on input line 12
42.
(pdftex.def)             Requested size: 398.33858pt x 159.34439pt.
 [61 <C:/Users/Sandro/TCC_FINAL/TCC_GRADUATION_SI/NuapaTex_Univas/imagens/distr
ibuicao_tempo.png>] [62] [63] [64]
Overfull \hbox (0.946pt too wide) in paragraph at lines 1420--1424
\T1/ptm/m/n/12 pu-la-ção de acordo com uma taxa de-fi-nida no atri-buto \T1/lmt
t/m/n/12 foreignIndividualRate \T1/ptm/m/n/12 da classe
 []


Overfull \hbox (18.56204pt too wide) in paragraph at lines 1420--1424
\T1/lmtt/m/n/12 createIndividual() \T1/ptm/m/n/12 da classe \T1/lmtt/m/n/12 GAM
odel\T1/ptm/m/n/12 , que foi im-ple-men-tado na classe \T1/lmtt/m/n/12 Processo
Model\T1/ptm/m/n/12 ,
 []

[65] <./imagens/selecao.png, id=1281, 421.97919pt x 169.76175pt>
File: ./imagens/selecao.png Graphic file (type png)

<use ./imagens/selecao.png>
Package pdftex.def Info: ./imagens/selecao.png used on input line 1485.
(pdftex.def)             Requested size: 295.3834pt x 118.8324pt.


LaTeX Warning: `!h' float specifier changed to `!ht'.

[66] <./imagens/ex_cruzamento.png, id=1309, 883.3pt x 471.7625pt>
File: ./imagens/ex_cruzamento.png Graphic file (type png)

<use ./imagens/ex_cruzamento.png>
Package pdftex.def Info: ./imagens/ex_cruzamento.png used on input line 1506.
(pdftex.def)             Requested size: 353.31374pt x 188.70164pt.
 [67 <C:/Users/Sandro/TCC_FINAL/TCC_GRADUATION_SI/NuapaTex_Univas/imagens/selec
ao.png> <C:/Users/Sandro/TCC_FINAL/TCC_GRADUATION_SI/NuapaTex_Univas/imagens/ex
_cruzamento.png>] [68] [69] [70]
<./imagens/mutacao_cromossomo.png, id=1418, 481.8pt x 401.5pt>
File: ./imagens/mutacao_cromossomo.png Graphic file (type png)

<use ./imagens/mutacao_cromossomo.png>
Package pdftex.def Info: ./imagens/mutacao_cromossomo.png used on input line 16
49.
(pdftex.def)             Requested size: 337.25769pt x 281.04808pt.
 [71 <C:/Users/Sandro/TCC_FINAL/TCC_GRADUATION_SI/NuapaTex_Univas/imagens/mutac
ao_cromossomo.png>] [72] [73]
<./imagens/tela_distribuicao_processos.png, id=1510, 846.91406pt x 253.69781pt>
File: ./imagens/tela_distribuicao_processos.png Graphic file (type png)
<use ./imagens/tela_distribuicao_processos.png>
Package pdftex.def Info: ./imagens/tela_distribuicao_processos.png used on inpu
t line 1772.
(pdftex.def)             Requested size: 418.25542pt x 125.28853pt.

<./imagens/tela_distribuicao_open.png, id=1512, 838.63312pt x 241.65282pt>
File: ./imagens/tela_distribuicao_open.png Graphic file (type png)

<use ./imagens/tela_distribuicao_open.png>
Package pdftex.def Info: ./imagens/tela_distribuicao_open.png used on input lin
e 1785.
(pdftex.def)             Requested size: 418.25542pt x 120.52005pt.
 [74 <C:/Users/Sandro/TCC_FINAL/TCC_GRADUATION_SI/NuapaTex_Univas/imagens/tela_
distribuicao_processos.png> <C:/Users/Sandro/TCC_FINAL/TCC_GRADUATION_SI/NuapaT
ex_Univas/imagens/tela_distribuicao_open.png>] [75] [76] [77]
<./imagens/resultado_distribuicao.png, id=1641, 805.62032pt x 455.68137pt>
File: ./imagens/resultado_distribuicao.png Graphic file (type png)

<use ./imagens/resultado_distribuicao.png>
Package pdftex.def Info: ./imagens/resultado_distribuicao.png used on input lin
e 1959.
(pdftex.def)             Requested size: 398.33858pt x 225.31613pt.
)
(C:\Users\Sandro\TCC_FINAL\TCC_GRADUATION_SI\NuapaTex_Univas\editaveis/13_Resul
tados.tex [78 <C:/Users/Sandro/TCC_FINAL/TCC_GRADUATION_SI/NuapaTex_Univas/imag
ens/resultado_distribuicao.png>] [79] [80

]
<./imagens/teste_processo.png, id=1657, 1102.1175pt x 372.39125pt>
File: ./imagens/teste_processo.png Graphic file (type png)

<use ./imagens/teste_processo.png>
Package pdftex.def Info: ./imagens/teste_processo.png used on input line 51.
(pdftex.def)             Requested size: 418.25542pt x 141.32263pt.

<./imagens/tela_processo_teste1.png, id=1659, 1116.17pt x 555.07375pt>
File: ./imagens/tela_processo_teste1.png Graphic file (type png)

<use ./imagens/tela_processo_teste1.png>
Package pdftex.def Info: ./imagens/tela_processo_teste1.png used on input line 
62.
(pdftex.def)             Requested size: 369.88582pt x 183.94563pt.
 [81 <C:/Users/Sandro/TCC_FINAL/TCC_GRADUATION_SI/NuapaTex_Univas/imagens/teste
_processo.png> <C:/Users/Sandro/TCC_FINAL/TCC_GRADUATION_SI/NuapaTex_Univas/ima
gens/tela_processo_teste1.png>]
<./imagens/tela_habilidade_teste1.png, id=1665, 1117.17375pt x 558.085pt>
File: ./imagens/tela_habilidade_teste1.png Graphic file (type png)

<use ./imagens/tela_habilidade_teste1.png>
Package pdftex.def Info: ./imagens/tela_habilidade_teste1.png used on input lin
e 78.
(pdftex.def)             Requested size: 418.25542pt x 208.94073pt.

<./imagens/tela_distribuicao_tarefas.png, id=1667, 1171.37625pt x 417.56pt>
File: ./imagens/tela_distribuicao_tarefas.png Graphic file (type png)

<use ./imagens/tela_distribuicao_tarefas.png>
Package pdftex.def Info: ./imagens/tela_distribuicao_tarefas.png used on input 
line 92.
(pdftex.def)             Requested size: 418.25542pt x 149.09816pt.
 [82 <C:/Users/Sandro/TCC_FINAL/TCC_GRADUATION_SI/NuapaTex_Univas/imagens/tela_
habilidade_teste1.png> <C:/Users/Sandro/TCC_FINAL/TCC_GRADUATION_SI/NuapaTex_Un
ivas/imagens/tela_distribuicao_tarefas.png>]
<./imagens/resultado_distribuicao_teste1.png, id=1673, 1017.8025pt x 634.37pt>
File: ./imagens/resultado_distribuicao_teste1.png Graphic file (type png)

<use ./imagens/resultado_distribuicao_teste1.png>
Package pdftex.def Info: ./imagens/resultado_distribuicao_teste1.png used on in
put line 108.
(pdftex.def)             Requested size: 418.25542pt x 260.68384pt.
 [83 <C:/Users/Sandro/TCC_FINAL/TCC_GRADUATION_SI/NuapaTex_Univas/imagens/resul
tado_distribuicao_teste1.png>] <./imagens/alterando_tempo_costureira.png, id=16
82, 1104.125pt x 564.1075pt>
File: ./imagens/alterando_tempo_costureira.png Graphic file (type png)

<use ./imagens/alterando_tempo_costureira.png>
Package pdftex.def Info: ./imagens/alterando_tempo_costureira.png used on input
 line 129.
(pdftex.def)             Requested size: 398.33858pt x 203.51752pt.

<./imagens/novo_resultado_alterado_tempo_teste1.png, id=1684, 999.735pt x 617.3
0624pt>
File: ./imagens/novo_resultado_alterado_tempo_teste1.png Graphic file (type png
)
 <use ./imagens/novo_resultado_alterado_tempo_teste1.png>
Package pdftex.def Info: ./imagens/novo_resultado_alterado_tempo_teste1.png use
d on input line 142.
(pdftex.def)             Requested size: 418.25542pt x 258.25899pt.
 [84 <C:/Users/Sandro/TCC_FINAL/TCC_GRADUATION_SI/NuapaTex_Univas/imagens/alter
ando_tempo_costureira.png> <C:/Users/Sandro/TCC_FINAL/TCC_GRADUATION_SI/NuapaTe
x_Univas/imagens/novo_resultado_alterado_tempo_teste1.png>]
<./imagens/custo_entre_costureiras_teste2.png, id=1692, 1118.1775pt x 575.14874
pt>
File: ./imagens/custo_entre_costureiras_teste2.png Graphic file (type png)
 <use ./imagens/custo_entre_costureiras_teste2.png>
Package pdftex.def Info: ./imagens/custo_entre_costureiras_teste2.png used on i
nput line 165.
(pdftex.def)             Requested size: 418.25542pt x 215.13612pt.

<./imagens/resultado_teste2.png, id=1694, 1014.79124pt x 502.87875pt>
File: ./imagens/resultado_teste2.png Graphic file (type png)

<use ./imagens/resultado_teste2.png>
Package pdftex.def Info: ./imagens/resultado_teste2.png used on input line 178.

(pdftex.def)             Requested size: 369.88582pt x 183.29216pt.
 [85 <C:/Users/Sandro/TCC_FINAL/TCC_GRADUATION_SI/NuapaTex_Univas/imagens/custo
_entre_costureiras_teste2.png> <C:/Users/Sandro/TCC_FINAL/TCC_GRADUATION_SI/Nua
paTex_Univas/imagens/resultado_teste2.png>]
<./imagens/resultado_tudo_igual_teste2.png, id=1701, 1021.8175pt x 633.36626pt>
File: ./imagens/resultado_tudo_igual_teste2.png Graphic file (type png)
<use ./imagens/resultado_tudo_igual_teste2.png>
Package pdftex.def Info: ./imagens/resultado_tudo_igual_teste2.png used on inpu
t line 203.
(pdftex.def)             Requested size: 418.25542pt x 259.24695pt.
 [86 <C:/Users/Sandro/TCC_FINAL/TCC_GRADUATION_SI/NuapaTex_Univas/imagens/resul
tado_tudo_igual_teste2.png>]
<./imagens/cofiguracao_habilidade_teste3.png, id=1708, 1115.16624pt x 567.11874
pt>
File: ./imagens/cofiguracao_habilidade_teste3.png Graphic file (type png)
 <use ./imagens/cofiguracao_habilidade_teste3.png>
Package pdftex.def Info: ./imagens/cofiguracao_habilidade_teste3.png used on in
put line 222.
(pdftex.def)             Requested size: 418.25542pt x 212.70361pt.

<./imagens/resultado1_teste3.png, id=1711, 1011.78pt x 541.02126pt>
File: ./imagens/resultado1_teste3.png Graphic file (type png)

<use ./imagens/resultado1_teste3.png>
Package pdftex.def Info: ./imagens/resultado1_teste3.png used on input line 235
.
(pdftex.def)             Requested size: 369.88582pt x 197.78894pt.
 [87 <C:/Users/Sandro/TCC_FINAL/TCC_GRADUATION_SI/NuapaTex_Univas/imagens/cofig
uracao_habilidade_teste3.png> <C:/Users/Sandro/TCC_FINAL/TCC_GRADUATION_SI/Nuap
aTex_Univas/imagens/resultado1_teste3.png>] <./imagens/resultado2_teste3.png, i
d=1719, 1019.81pt x 630.355pt>
File: ./imagens/resultado2_teste3.png Graphic file (type png)

<use ./imagens/resultado2_teste3.png>
Package pdftex.def Info: ./imagens/resultado2_teste3.png used on input line 252
.
(pdftex.def)             Requested size: 418.25542pt x 258.53378pt.

<./imagens/posicao_xy_costureiras_teste4.png, id=1723, 1113.15875pt x 504.88625
pt>
File: ./imagens/posicao_xy_costureiras_teste4.png Graphic file (type png)
 <use ./imagens/posicao_xy_costureiras_teste4.png>
Package pdftex.def Info: ./imagens/posicao_xy_costureiras_teste4.png used on in
put line 275.
(pdftex.def)             Requested size: 418.25542pt x 189.70935pt.


LaTeX Warning: `!h' float specifier changed to `!ht'.


<./imagens/cofig_at_finalizaca_teste4.png, id=1725, 1113.15875pt x 567.11874pt>
File: ./imagens/cofig_at_finalizaca_teste4.png Graphic file (type png)
<use ./imagens/cofig_at_finalizaca_teste4.png>
Package pdftex.def Info: ./imagens/cofig_at_finalizaca_teste4.png used on input
 line 288.
(pdftex.def)             Requested size: 398.33858pt x 202.94244pt.
 [88 <C:/Users/Sandro/TCC_FINAL/TCC_GRADUATION_SI/NuapaTex_Univas/imagens/resul
tado2_teste3.png>] [89 <C:/Users/Sandro/TCC_FINAL/TCC_GRADUATION_SI/NuapaTex_Un
ivas/imagens/posicao_xy_costureiras_teste4.png> <C:/Users/Sandro/TCC_FINAL/TCC_
GRADUATION_SI/NuapaTex_Univas/imagens/cofig_at_finalizaca_teste4.png>]
<./imagens/resultado_transporte_teste4.png, id=1736, 1025.8325pt x 619.31375pt>
File: ./imagens/resultado_transporte_teste4.png Graphic file (type png)
<use ./imagens/resultado_transporte_teste4.png>
Package pdftex.def Info: ./imagens/resultado_transporte_teste4.png used on inpu
t line 303.
(pdftex.def)             Requested size: 418.25542pt x 252.51224pt.

<./imagens/detalhamento_transporte_teste4.png, id=1740, 1008.76875pt x 602.25pt
>
File: ./imagens/detalhamento_transporte_teste4.png Graphic file (type png)
 <use ./imagens/detalhamento_transporte_teste4.png>
Package pdftex.def Info: ./imagens/detalhamento_transporte_teste4.png used on i
nput line 321.
(pdftex.def)             Requested size: 369.88582pt x 220.82567pt.


LaTeX Warning: `!h' float specifier changed to `!ht'.


<./imagens/adiconar_atividade_frente_teste5.png, id=1743, 1089.06876pt x 628.34
75pt>
File: ./imagens/adiconar_atividade_frente_teste5.png Graphic file (type png)
 <use ./imagens/adiconar_atividade_frente_teste5.png>
Package pdftex.def Info: ./imagens/adiconar_atividade_frente_teste5.png used on
 input line 339.
(pdftex.def)             Requested size: 418.25542pt x 241.31529pt.


LaTeX Warning: `!h' float specifier changed to `!ht'.

[90 <C:/Users/Sandro/TCC_FINAL/TCC_GRADUATION_SI/NuapaTex_Univas/imagens/result
ado_transporte_teste4.png>] [91 <C:/Users/Sandro/TCC_FINAL/TCC_GRADUATION_SI/Nu
apaTex_Univas/imagens/detalhamento_transporte_teste4.png> <C:/Users/Sandro/TCC_
FINAL/TCC_GRADUATION_SI/NuapaTex_Univas/imagens/adiconar_atividade_frente_teste
5.png>]
<./imagens/adicionar_atividade_frente_teste4.png, id=1756, 1103.12125pt x 561.0
9625pt>
File: ./imagens/adicionar_atividade_frente_teste4.png Graphic file (type png)
 <use ./imagens/adicionar_atividade_frente_teste4.png>
Package pdftex.def Info: ./imagens/adicionar_atividade_frente_teste4.png used o
n input line 355.
(pdftex.def)             Requested size: 418.25542pt x 212.7479pt.

<./imagens/costureiras_at_frente_tete5.png, id=1758, 1114.1625pt x 563.10374pt>
File: ./imagens/costureiras_at_frente_tete5.png Graphic file (type png)
<use ./imagens/costureiras_at_frente_tete5.png>
Package pdftex.def Info: ./imagens/costureiras_at_frente_tete5.png used on inpu
t line 369.
(pdftex.def)             Requested size: 398.33858pt x 201.31665pt.
 [92 <C:/Users/Sandro/TCC_FINAL/TCC_GRADUATION_SI/NuapaTex_Univas/imagens/adici
onar_atividade_frente_teste4.png> <C:/Users/Sandro/TCC_FINAL/TCC_GRADUATION_SI/
NuapaTex_Univas/imagens/costureiras_at_frente_tete5.png>]
<./imagens/resultado1_teste5.png, id=1766, 1057.9525pt x 633.36626pt>
File: ./imagens/resultado1_teste5.png Graphic file (type png)

<use ./imagens/resultado1_teste5.png>
Package pdftex.def Info: ./imagens/resultado1_teste5.png used on input line 386
.
(pdftex.def)             Requested size: 418.25542pt x 250.39438pt.

<./imagens/detalhamento1_teste5.png, id=1770, 1027.84pt x 614.295pt>
File: ./imagens/detalhamento1_teste5.png Graphic file (type png)

<use ./imagens/detalhamento1_teste5.png>
Package pdftex.def Info: ./imagens/detalhamento1_teste5.png used on input line 
401.
(pdftex.def)             Requested size: 418.25542pt x 249.97853pt.
 [93 <C:/Users/Sandro/TCC_FINAL/TCC_GRADUATION_SI/NuapaTex_Univas/imagens/resul
tado1_teste5.png> <C:/Users/Sandro/TCC_FINAL/TCC_GRADUATION_SI/NuapaTex_Univas/
imagens/detalhamento1_teste5.png>]
<./imagens/resultado2_teste5.png, id=1777, 1043.9pt x 629.35126pt>
File: ./imagens/resultado2_teste5.png Graphic file (type png)

<use ./imagens/resultado2_teste5.png>
Package pdftex.def Info: ./imagens/resultado2_teste5.png used on input line 417
.
(pdftex.def)             Requested size: 418.25542pt x 252.15857pt.

<./imagens/detalhamento2_teste5.png, id=1780, 1035.87pt x 607.26875pt>
File: ./imagens/detalhamento2_teste5.png Graphic file (type png)

<use ./imagens/detalhamento2_teste5.png>
Package pdftex.def Info: ./imagens/detalhamento2_teste5.png used on input line 
430.
(pdftex.def)             Requested size: 418.25542pt x 245.2012pt.
 [94 <C:/Users/Sandro/TCC_FINAL/TCC_GRADUATION_SI/NuapaTex_Univas/imagens/resul
tado2_teste5.png> <C:/Users/Sandro/TCC_FINAL/TCC_GRADUATION_SI/NuapaTex_Univas/
imagens/detalhamento2_teste5.png>]
<./imagens/configuracao_costureiras_teste6.png, id=1789, 1116.17pt x 562.1pt>
File: ./imagens/configuracao_costureiras_teste6.png Graphic file (type png)

<use ./imagens/configuracao_costureiras_teste6.png>
Package pdftex.def Info: ./imagens/configuracao_costureiras_teste6.png used on 
input line 455.
(pdftex.def)             Requested size: 418.25542pt x 210.6326pt.
 [95 <C:/Users/Sandro/TCC_FINAL/TCC_GRADUATION_SI/NuapaTex_Univas/imagens/confi
guracao_costureiras_teste6.png>] <./imagens/resultado1_teste6.png, id=1796, 990
.70125pt x 480.79625pt>
File: ./imagens/resultado1_teste6.png Graphic file (type png)

<use ./imagens/resultado1_teste6.png>
Package pdftex.def Info: ./imagens/resultado1_teste6.png used on input line 469
.
(pdftex.def)             Requested size: 369.88582pt x 179.50581pt.

<./imagens/alterecao_custo_teste6.png, id=1799, 1113.15875pt x 559.08875pt>
File: ./imagens/alterecao_custo_teste6.png Graphic file (type png)

<use ./imagens/alterecao_custo_teste6.png>
Package pdftex.def Info: ./imagens/alterecao_custo_teste6.png used on input lin
e 487.
(pdftex.def)             Requested size: 418.25542pt x 210.07578pt.
 [96 <C:/Users/Sandro/TCC_FINAL/TCC_GRADUATION_SI/NuapaTex_Univas/imagens/resul
tado1_teste6.png> <C:/Users/Sandro/TCC_FINAL/TCC_GRADUATION_SI/NuapaTex_Univas/
imagens/alterecao_custo_teste6.png>]
<./imagens/resultado2_teste6.png, id=1807, 986.68625pt x 485.815pt>
File: ./imagens/resultado2_teste6.png Graphic file (type png)

<use ./imagens/resultado2_teste6.png>
Package pdftex.def Info: ./imagens/resultado2_teste6.png used on input line 500
.
(pdftex.def)             Requested size: 418.25542pt x 205.93861pt.
)
(C:\Users\Sandro\TCC_FINAL\TCC_GRADUATION_SI\NuapaTex_Univas\editaveis/14_Concl
usao.tex [97 <C:/Users/Sandro/TCC_FINAL/TCC_GRADUATION_SI/NuapaTex_Univas/image
ns/resultado2_teste6.png>] [98

])
(C:\Users\Sandro\TCC_FINAL\TCC_GRADUATION_SI\NuapaTex_Univas\Principal.bbl
[99]
bibitemlist
LaTeX Font Info:    Font shape `T1/ptm/bx/it' in size <12> not available
(Font)              Font shape `T1/ptm/b/it' tried instead on input line 10.
[100

])
No file Principal.ind.

AED: lastpage setting LastPage
[101]

Package caption Warning: Unused \captionsetup[Quadro] on input line 303.
See the caption package documentation for explanation.


Package caption Warning: Unused \captionsetup[floatfoot] on input line 305.
See the caption package documentation for explanation.

\tf@lof=\write4
\tf@lol=\write5
\tf@toc=\write6
Package atveryend Info: Empty hook `BeforeClearDocument' on input line 58.
Package atveryend Info: Empty hook `AfterLastShipout' on input line 58.
(C:\Users\Sandro\TCC_FINAL\TCC_GRADUATION_SI\NuapaTex_Univas\Principal.aux)
Package atveryend Info: Executing hook `AtVeryEndDocument' on input line 58.
Package atveryend Info: Empty hook `AtEndAfterFileList' on input line 58.


LaTeX Warning: Label(s) may have changed. Rerun to get cross-references right.

Package atveryend Info: Empty hook `AtVeryVeryEnd' on input line 58.
 ) 
Here is how much of TeX's memory you used:
 16382 strings out of 493921
 253360 string characters out of 3147280
 490712 words of memory out of 3000000
 18321 multiletter control sequences out of 15000+200000
 60552 words of font info for 64 fonts, out of 3000000 for 9000
 841 hyphenation exceptions out of 8191
 46i,12n,49p,1009b,2017s stack positions out of 5000i,500n,10000p,200000b,50000s
{C:/Program Files/MiKTeX 2.9/fonts/enc/dvips/fontname/8r.enc}{C:/Program File
s/MiKTeX 2.9/fonts/enc/dvips/lm/lm-ec.enc}<C:/Program Files/MiKTeX 2.9/fonts/ty
pe1/public/amsfonts/cm/cmsy10.pfb><C:/Program Files/MiKTeX 2.9/fonts/type1/publ
ic/lm/lmtk10.pfb><C:/Program Files/MiKTeX 2.9/fonts/type1/public/lm/lmtl10.pfb>
<C:/Program Files/MiKTeX 2.9/fonts/type1/urw/times/utmb8a.pfb><C:/Program Files
/MiKTeX 2.9/fonts/type1/urw/times/utmbi8a.pfb><C:/Program Files/MiKTeX 2.9/font
s/type1/urw/times/utmr8a.pfb><C:/Program Files/MiKTeX 2.9/fonts/type1/urw/times
/utmri8a.pfb>
Output written on Principal.pdf (102 pages, 1951634 bytes).
PDF statistics:
 2229 PDF objects out of 2487 (max. 8388607)
 1031 named destinations out of 1200 (max. 500000)
 648 words of extra memory for PDF output out of 10000 (max. 10000000)

